<?xml version="1.0" encoding="UTF-8"?>
<!-- Generated by org.testng.reporters.JUnitReportReporter -->
<testsuite hostname="yes4me" name="org.gradle.JUnitTest" tests="2" failures="0" timestamp="4 Dec 2015 07:28:02 GMT" time="0.053" errors="0">
  <testcase name="test2" time="0.001" classname="org.gradle.JUnitTest"/>
  <testcase name="test1" time="0.052" classname="org.gradle.JUnitTest"/>
</testsuite> <!-- org.gradle.JUnitTest -->
