<?xml version="1.0" encoding="UTF-8"?>
<!-- Generated by org.testng.reporters.JUnitReportReporter -->
<testsuite hostname="yes4me" name="org.gradle.SeleniumTest" tests="1" failures="0" timestamp="4 Dec 2015 21:22:51 GMT" time="13.043" errors="0">
  <testcase name="testExamples" time="13.043" classname="org.gradle.SeleniumTest"/>
</testsuite> <!-- org.gradle.SeleniumTest -->
