<?xml version="1.0" encoding="UTF-8"?>
<!-- Generated by org.testng.reporters.JUnitReportReporter -->
<testsuite hostname="yes4me" name="org.gradle.TestNGTest" tests="5" failures="0" timestamp="4 Dec 2015 07:28:19 GMT" time="0.016" errors="0">
  <testcase name="test22" time="0.003" classname="org.gradle.TestNGTest"/>
  <testcase name="runFinal" time="0.002" classname="org.gradle.TestNGTest"/>
  <testcase name="test12" time="0.001" classname="org.gradle.TestNGTest"/>
  <testcase name="test21" time="0.001" classname="org.gradle.TestNGTest"/>
  <testcase name="test11" time="0.009" classname="org.gradle.TestNGTest"/>
</testsuite> <!-- org.gradle.TestNGTest -->
