<?xml version="1.0" encoding="UTF-8"?>
<!-- Generated by org.testng.reporters.JUnitReportReporter -->
<testsuite hostname="yes4me" name="org.gradle.PersonTest" tests="2" failures="0" timestamp="14 Oct 2015 07:21:27 GMT" time="0.055" errors="0">
  <testcase name="test2" time="0.004" classname="org.gradle.PersonTest"/>
  <testcase name="test1" time="0.051" classname="org.gradle.PersonTest"/>
</testsuite> <!-- org.gradle.PersonTest -->
